<?xml version="1.0" encoding="UTF-8"?>
<!-- Generated by org.testng.reporters.JUnitReportReporter -->
<testsuite hostname="IN-OLX-PF2SH88V" failures="0" tests="3" name="Popitems.PopularItemsTest" time="104.074" errors="0" timestamp="2024-03-31T16:21:30 IST" skipped="0">
  <testcase classname="Popitems.PopularItemsTest" name="laptoptest" time="34.806"/>
  <testcase classname="Popitems.PopularItemsTest" name="spkrtest" time="37.768"/>
  <testcase classname="Popitems.PopularItemsTest" name="tablettest" time="31.500"/>
</testsuite> <!-- Popitems.PopularItemsTest -->
