<?xml version="1.0" encoding="UTF-8"?>
<!-- Generated by org.testng.reporters.JUnitReportReporter -->
<testsuite hostname="IN-OLX-PF2SH88V" failures="0" tests="1" name="com.seleniumprojectnew.AppTest" time="0.006" errors="0" timestamp="2024-03-31T13:49:31 IST" skipped="0">
  <testcase classname="com.seleniumprojectnew.AppTest" name="shouldAnswerWithTrue" time="0.006"/>
</testsuite> <!-- com.seleniumprojectnew.AppTest -->
